<?xml version="1.0" encoding="UTF-8"?>
<!-- Generated by org.testng.reporters.JUnitReportReporter -->
<testsuite skipped="0" hostname="2210-BGR" name="base.Test1" tests="1" failures="0" timestamp="2020-02-02T22:30:17 EET" time="2.525" errors="0">
  <testcase name="t1" time="2.525" classname="base.Test1"/>
</testsuite> <!-- base.Test1 -->
