<?xml version="1.0" encoding="UTF-8"?>
<!-- Generated by org.testng.reporters.JUnitReportReporter -->
<testsuite skipped="0" hostname="LenovoY50-70" name="base.base" tests="1" failures="0" timestamp="01 Feb 2020 19:48:56 GMT" time="1.396" errors="0">
  <testcase name="t1" time="1.396" classname="base.base"/>
</testsuite> <!-- base.base -->
